<?xml version="1.0" encoding="UTF-8"?>
<!-- Generated by org.testng.reporters.JUnitReportReporter -->
<testsuite hostname="XCALWS0337LT" failures="0" tests="4" name="testClass.ProductPageTest" time="197.834" errors="0" timestamp="2023-09-27T21:47:33 IST" skipped="0">
  <testcase classname="testClass.ProductPageTest" name="createNewProduct" time="47.313"/>
  <testcase classname="testClass.ProductPageTest" name="createNewProduct" time="46.454"/>
  <testcase classname="testClass.ProductPageTest" name="createNewProduct" time="51.619"/>
  <testcase classname="testClass.ProductPageTest" name="createNewProduct" time="52.448"/>
</testsuite> <!-- testClass.ProductPageTest -->
