<?xml version="1.0" encoding="UTF-8"?>
<!-- Generated by org.testng.reporters.JUnitReportReporter -->
<testsuite hostname="XCALWS0337LT" failures="0" tests="1" name="testClass.HomePageTest" time="36.561" errors="0" timestamp="2023-09-09T21:45:04 IST" skipped="0">
  <testcase classname="testClass.HomePageTest" name="verifySubmenuOfContact" time="36.561"/>
  <system-out/>
</testsuite> <!-- testClass.HomePageTest -->
