<?xml version="1.0" encoding="UTF-8"?>
<!-- Generated by org.testng.reporters.JUnitReportReporter -->
<testsuite hostname="XCALWS0337LT" failures="0" tests="4" name="testClass.DealPageTestClass" time="119.548" errors="0" timestamp="2023-09-16T20:47:49 IST" skipped="0">
  <testcase classname="testClass.DealPageTestClass" name="createNewDeal" time="29.347"/>
  <testcase classname="testClass.DealPageTestClass" name="createNewDeal" time="28.982"/>
  <testcase classname="testClass.DealPageTestClass" name="createNewDeal" time="32.522"/>
  <testcase classname="testClass.DealPageTestClass" name="createNewDeal" time="28.697"/>
</testsuite> <!-- testClass.DealPageTestClass -->
