<?xml version="1.0" encoding="UTF-8"?>
<!-- Generated by org.testng.reporters.JUnitReportReporter -->
<testsuite hostname="XCALWS0337LT" failures="0" tests="4" name="testClass.NewContactPageTest" time="206.250" errors="0" timestamp="2023-09-10T15:52:16 IST" skipped="0">
  <testcase classname="testClass.NewContactPageTest" name="createContactPage1" time="55.188"/>
  <system-out/>
  <testcase classname="testClass.NewContactPageTest" name="createContactPage1" time="47.827"/>
  <system-out/>
  <testcase classname="testClass.NewContactPageTest" name="createContactPage1" time="51.182"/>
  <system-out/>
  <testcase classname="testClass.NewContactPageTest" name="createContactPage1" time="52.053"/>
  <system-out/>
</testsuite> <!-- testClass.NewContactPageTest -->
