<?xml version="1.0" encoding="UTF-8"?>
<!-- Generated by org.testng.reporters.JUnitReportReporter -->
<testsuite hostname="XCALWS0337LT" failures="0" tests="1" name="testClass.Highlighter" time="10.578" errors="0" timestamp="2023-09-12T14:52:49 IST" skipped="0">
  <testcase classname="testClass.Highlighter" name="login" time="10.578"/>
  <system-out/>
</testsuite> <!-- testClass.Highlighter -->
